09/11/2020 - 22:11:49.429 : INFO : CUBrailler : Constructing Components...
09/11/2020 - 22:11:49.430 : INFO : Embosser : Setting up Embosser as Simulated Component.
09/11/2020 - 22:11:49.431 : INFO : CUBrailler : Shutting Down CUB System
09/11/2020 - 22:11:49.431 : INFO : CUBrailler : Shut down complete
09/11/2020 - 22:11:56.651 : INFO : CUBrailler : Constructing Components...
09/11/2020 - 22:11:56.651 : INFO : Embosser : Setting up Embosser as Simulated Component.
09/11/2020 - 22:11:56.654 : INFO : PhotoSensor : Setting up Photo Sensor INPUT on GPIO Pin: 7
09/11/2020 - 22:11:56.655 : INFO : HeadTraverser : Setting up Traverser as Simulated Component.
09/11/2020 - 22:11:56.657 : INFO : PhotoSensor : Setting up Photo Sensor INPUT on GPIO Pin: 4
09/11/2020 - 22:11:56.743 : INFO : ToolSelector : Setting up Selector as Simulated Component.
09/11/2020 - 22:11:56.746 : INFO : PhotoSensor : Setting up Photo Sensor INPUT on GPIO Pin: 17
09/11/2020 - 22:11:56.747 : INFO : Feeder : Setting up Feeder as Simulated Component.
09/11/2020 - 22:11:56.749 : INFO : Feeder : Setting up Line Feed Stepper with STEP Pin: 18
09/11/2020 - 22:11:56.751 : INFO : Feeder : Setting up Paper Feed Motor with ENA Pin: 12
09/11/2020 - 22:11:56.751 : INFO : PhotoSensor : Setting up Photo Sensor INPUT on GPIO Pin: 22
09/11/2020 - 22:11:56.752 : INFO : Feeder : Setting up Paper Input Sensor on Pin: 22
09/11/2020 - 22:11:56.753 : INFO : PhotoSensor : Setting up Photo Sensor INPUT on GPIO Pin: 17
09/11/2020 - 22:11:56.753 : INFO : Feeder : Setting up Paper Output Sensor on Pin: 17
09/11/2020 - 22:11:56.754 : INFO : PhotoSensor : Setting up Photo Sensor INPUT on GPIO Pin: 14
09/11/2020 - 22:11:56.754 : INFO : Feeder : Setting up A4 Paper Size Sensor on Pin: 14
09/11/2020 - 22:11:56.755 : INFO : PhotoSensor : Setting up Photo Sensor INPUT on GPIO Pin: 15
09/11/2020 - 22:11:56.755 : INFO : Feeder : Setting up Braille Paper Size Sensor on Pin: 15
09/11/2020 - 22:11:56.756 : INFO : Input : Setting up Input in mode: FILE
09/11/2020 - 22:11:56.757 : INFO : CUBrailler : Starting Traverser thread...
09/11/2020 - 22:11:56.758 : INFO : HeadTraverser : Simulating Head movement test...
09/11/2020 - 22:11:56.758 : INFO : CUBrailler : Starting Selector thread...
09/11/2020 - 22:11:56.760 : INFO : ToolSelector : Simulating Head movement test...
09/11/2020 - 22:11:56.760 : INFO : CUBrailler : Starting Feeder thread...
09/11/2020 - 22:11:56.762 : INFO : Feeder : Simulating Feeder Startup
09/11/2020 - 22:11:56.762 : INFO : CUBrailler : Starting Input thread...
09/11/2020 - 22:11:56.763 : INFO : Input : Initialising input method
09/11/2020 - 22:11:56.764 : INFO : Embosser : Simulating startup of Embosser...
09/11/2020 - 22:11:56.765 : INFO : Input : CUBInput opened file with name testinput.txt
09/11/2020 - 22:11:56.965 : INFO : CUBrailler : Startup Confirmed for Embosser
09/11/2020 - 22:11:56.966 : INFO : CUBrailler : Startup Confirmed for Traverser
09/11/2020 - 22:11:56.966 : INFO : CUBrailler : Startup Confirmed for Selector
09/11/2020 - 22:11:56.966 : INFO : CUBrailler : Startup Confirmed for Feeder
09/11/2020 - 22:11:56.967 : INFO : CUBrailler : Startup Confirmed for Input
09/11/2020 - 22:11:56.968 : INFO : Input : Starting Input Loop
09/11/2020 - 22:11:57.082 : INFO : Input : Input from FILE is: ['000001', '100111', '000000', '010100', '011100', '000000', '000010', '011100', '000000', '011110', '100010', '101101', '011110', '000000', '011110', '101010', '000000', '011110', '100010', '001100', '000000', '011101', '000000', '110100', '010100', '111000', '100010', '000000', '001010', '111100', '101001', '011110', '000000', '010010', '111001', '110111', '000101', '101110', '000000', '111011', '000000', '011101', '000000', '000001', '100100', '101001', '111010', '011110', '001010', '000000', '000001', '101001', '101110', '010100', '111001', '110111', '011100', '000011', '101111', '000000', '000001', '110000', '111010', '111000', '111010', '010011', '000000']
09/11/2020 - 22:11:57.090 : INFO : CUBrailler : Processing character: 000001
09/11/2020 - 22:11:57.090 : INFO : Feeder : Simulating Get Paper Width Operation, return value of 30...
09/11/2020 - 22:11:57.091 : INFO : Input : Input from FILE is: ['000001', '010111', '010101', '011010', '000000', '000001', '000010', '110010', '000000', '010100', '011100', '000000', '000010', '011100', '000000', '110100', '101001', '101110', '101110', '101111', '000000', '111100', '101001', '101110', '100100', '011110', '101001', '100000', '000011', '101110', '011010', '000000', '000001', '000010', '100011', '011001', '000000', '000001', '100011', '100000', '011110', '011001', '000000', '000001', '110010', '010101', '011001', '000000', '000000']
09/11/2020 - 22:11:57.095 : INFO : ToolSelector : Simulating Selecting blank tool...
09/11/2020 - 22:11:57.099 : INFO : Input : Input from FILE is: ['000001', '100111', '000000', '111101', '000000', '011110', '010000', '000000', '111000', '010100', '001100', '110001', '000000', '000010', '110001', '100100', '111000', '101010', '011100', '100010', '111000', '101111', '000010', '001110', '000000', '011110', '101010', '000000', '011101', '000000', '100100', '111000', '010100', '100100', '101000', '000000', '100100', '111000', '100000', '100100', '101000', '000000']
09/11/2020 - 22:11:57.102 : INFO : Input : Input Finished while reading
09/11/2020 - 22:11:57.103 : INFO : Input : Input from FILE is: ['END OF INPUT']
09/11/2020 - 22:11:57.597 : INFO : Embosser : Simulating Embosser Activation...
09/11/2020 - 22:11:57.699 : INFO : HeadTraverser : Simulating Head Traversal of Column in Positive Dir, count:1...
09/11/2020 - 22:11:57.700 : INFO : ToolSelector : Simulating Tool selection to tool 4...
09/11/2020 - 22:11:58.201 : INFO : Embosser : Simulating Embosser Activation...
09/11/2020 - 22:11:58.301 : INFO : CUBrailler : Processing character: 100111
09/11/2020 - 22:11:58.302 : INFO : Feeder : Simulating Get Paper Width Operation, return value of 30...
09/11/2020 - 22:11:58.303 : INFO : HeadTraverser : Simulating Head Traversal of Character in Positive Dir, count:1...
09/11/2020 - 22:11:58.303 : INFO : ToolSelector : Simulating Tool selection to tool 1...
09/11/2020 - 22:11:58.805 : INFO : Embosser : Simulating Embosser Activation...
09/11/2020 - 22:11:58.906 : INFO : HeadTraverser : Simulating Head Traversal of Column in Positive Dir, count:1...
09/11/2020 - 22:11:58.906 : INFO : ToolSelector : Simulating Tool selection to tool 7...
09/11/2020 - 22:11:59.408 : INFO : Embosser : Simulating Embosser Activation...
09/11/2020 - 22:11:59.509 : INFO : CUBrailler : Processing character: 000000
09/11/2020 - 22:11:59.509 : INFO : Feeder : Simulating Get Paper Width Operation, return value of 30...
09/11/2020 - 22:11:59.510 : INFO : HeadTraverser : Simulating Head Traversal of Character in Positive Dir, count:1...
09/11/2020 - 22:11:59.510 : INFO : CUBrailler : Processing character: 010100
09/11/2020 - 22:11:59.510 : INFO : Feeder : Simulating Get Paper Width Operation, return value of 30...
09/11/2020 - 22:11:59.511 : INFO : ToolSelector : Simulating Tool selection to tool 2...
09/11/2020 - 22:12:00.011 : INFO : HeadTraverser : Simulating Head Traversal of Character in Positive Dir, count:1...
09/11/2020 - 22:12:00.513 : INFO : Embosser : Simulating Embosser Activation...
09/11/2020 - 22:12:00.619 : INFO : HeadTraverser : Simulating Head Traversal of Column in Positive Dir, count:1...
09/11/2020 - 22:12:00.619 : INFO : ToolSelector : Simulating Tool selection to tool 1...
09/11/2020 - 22:12:01.121 : INFO : Embosser : Simulating Embosser Activation...
09/11/2020 - 22:12:01.221 : INFO : CUBrailler : Processing character: 011100
09/11/2020 - 22:12:01.222 : INFO : Feeder : Simulating Get Paper Width Operation, return value of 30...
09/11/2020 - 22:12:01.222 : INFO : HeadTraverser : Simulating Head Traversal of Character in Positive Dir, count:1...
09/11/2020 - 22:12:01.223 : INFO : ToolSelector : Simulating Tool selection to tool 6...
09/11/2020 - 22:12:01.724 : INFO : Embosser : Simulating Embosser Activation...
09/11/2020 - 22:12:01.825 : INFO : HeadTraverser : Simulating Head Traversal of Column in Positive Dir, count:1...
09/11/2020 - 22:12:01.826 : INFO : ToolSelector : Simulating Tool selection to tool 1...
09/11/2020 - 22:12:02.327 : INFO : Embosser : Simulating Embosser Activation...
09/11/2020 - 22:12:02.428 : INFO : CUBrailler : Processing character: 000000
09/11/2020 - 22:12:02.428 : INFO : Feeder : Simulating Get Paper Width Operation, return value of 30...
09/11/2020 - 22:12:02.429 : INFO : HeadTraverser : Simulating Head Traversal of Character in Positive Dir, count:1...
09/11/2020 - 22:12:02.429 : INFO : CUBrailler : Processing character: 000010
09/11/2020 - 22:12:02.429 : INFO : Feeder : Simulating Get Paper Width Operation, return value of 30...
09/11/2020 - 22:12:02.430 : INFO : ToolSelector : Simulating Selecting blank tool...
09/11/2020 - 22:12:02.930 : INFO : HeadTraverser : Simulating Head Traversal of Character in Positive Dir, count:1...
09/11/2020 - 22:12:03.400 : WARNING : CUBrailler : Shutting Down due to Keyboard Interrupt
09/11/2020 - 22:12:03.401 : INFO : CUBrailler : Shutting Down CUB System
09/11/2020 - 22:12:03.401 : INFO : CUBrailler : Shutting down component: Embosser
09/11/2020 - 22:12:03.401 : INFO : CUBrailler : Shutting down component: Traverser
09/11/2020 - 22:12:03.402 : INFO : CUBrailler : Shutting down component: Selector
09/11/2020 - 22:12:03.402 : INFO : CUBrailler : Shutting down component: Feeder
09/11/2020 - 22:12:03.403 : INFO : CUBrailler : Shutting down component: Input
09/11/2020 - 22:12:03.431 : INFO : CUBrailler : Successfully Joined Thread: Traverser
09/11/2020 - 22:12:03.432 : INFO : CUBrailler : Successfully Joined Thread: Selector
09/11/2020 - 22:12:03.432 : INFO : CUBrailler : Successfully Joined Thread: Feeder
09/11/2020 - 22:12:03.432 : INFO : CUBrailler : Successfully Joined Thread: Input
09/11/2020 - 22:12:03.433 : INFO : CUBrailler : Shut down complete
09/11/2020 - 22:12:29.806 : INFO : CUBrailler : Constructing Components...
09/11/2020 - 22:12:29.807 : INFO : Embosser : Setting up Embosser as Simulated Component.
09/11/2020 - 22:12:29.809 : INFO : PhotoSensor : Setting up Photo Sensor INPUT on GPIO Pin: 7
09/11/2020 - 22:12:29.810 : INFO : HeadTraverser : Setting up Traverser as Simulated Component.
09/11/2020 - 22:12:29.812 : INFO : PhotoSensor : Setting up Photo Sensor INPUT on GPIO Pin: 4
09/11/2020 - 22:12:29.873 : INFO : ToolSelector : Setting up Selector as Simulated Component.
09/11/2020 - 22:12:29.876 : INFO : PhotoSensor : Setting up Photo Sensor INPUT on GPIO Pin: 17
09/11/2020 - 22:12:29.877 : INFO : Feeder : Setting up Feeder as Simulated Component.
09/11/2020 - 22:12:29.879 : INFO : Feeder : Setting up Line Feed Stepper with STEP Pin: 18
09/11/2020 - 22:12:29.880 : INFO : Feeder : Setting up Paper Feed Motor with ENA Pin: 12
09/11/2020 - 22:12:29.881 : INFO : PhotoSensor : Setting up Photo Sensor INPUT on GPIO Pin: 22
09/11/2020 - 22:12:29.881 : INFO : Feeder : Setting up Paper Input Sensor on Pin: 22
09/11/2020 - 22:12:29.882 : INFO : PhotoSensor : Setting up Photo Sensor INPUT on GPIO Pin: 17
09/11/2020 - 22:12:29.883 : INFO : Feeder : Setting up Paper Output Sensor on Pin: 17
09/11/2020 - 22:12:29.883 : INFO : PhotoSensor : Setting up Photo Sensor INPUT on GPIO Pin: 14
09/11/2020 - 22:12:29.884 : INFO : Feeder : Setting up A4 Paper Size Sensor on Pin: 14
09/11/2020 - 22:12:29.885 : INFO : PhotoSensor : Setting up Photo Sensor INPUT on GPIO Pin: 15
09/11/2020 - 22:12:29.885 : INFO : Feeder : Setting up Braille Paper Size Sensor on Pin: 15
09/11/2020 - 22:12:29.885 : INFO : Input : Setting up Input in mode: FILE
09/11/2020 - 22:12:29.886 : INFO : CUBrailler : Starting Traverser thread...
09/11/2020 - 22:12:29.887 : INFO : HeadTraverser : Simulating Head movement test...
09/11/2020 - 22:12:29.888 : INFO : CUBrailler : Starting Selector thread...
09/11/2020 - 22:12:29.889 : INFO : ToolSelector : Simulating Head movement test...
09/11/2020 - 22:12:29.890 : INFO : CUBrailler : Starting Feeder thread...
09/11/2020 - 22:12:29.891 : INFO : Feeder : Simulating Feeder Startup
09/11/2020 - 22:12:29.892 : INFO : CUBrailler : Starting Input thread...
09/11/2020 - 22:12:29.893 : INFO : Input : Initialising input method
09/11/2020 - 22:12:29.894 : INFO : Embosser : Simulating startup of Embosser...
09/11/2020 - 22:12:29.895 : INFO : Input : CUBInput opened file with name testinput.txt
09/11/2020 - 22:12:30.095 : INFO : CUBrailler : Startup Confirmed for Embosser
09/11/2020 - 22:12:30.095 : INFO : CUBrailler : Startup Confirmed for Traverser
09/11/2020 - 22:12:30.096 : INFO : CUBrailler : Startup Confirmed for Selector
09/11/2020 - 22:12:30.096 : INFO : CUBrailler : Startup Confirmed for Feeder
09/11/2020 - 22:12:30.097 : INFO : CUBrailler : Startup Confirmed for Input
09/11/2020 - 22:12:30.097 : INFO : Input : Starting Input Loop
09/11/2020 - 22:12:30.196 : INFO : Input : Input from FILE is: ['000001', '100111', '000000', '010100', '011100', '000000', '000010', '011100', '000000', '011110', '100010', '101101', '011110', '000000', '011110', '101010', '000000', '011110', '100010', '001100', '000000', '011101', '000000', '110100', '010100', '111000', '100010', '000000', '001010', '111100', '101001', '011110', '000000', '010010', '111001', '110111', '000101', '101110', '000000', '111011', '000000', '011101', '000000', '000001', '100100', '101001', '111010', '011110', '001010', '000000', '000001', '101001', '101110', '010100', '111001', '110111', '011100', '000011', '101111', '000000', '000001', '110000', '111010', '111000', '111010', '010011', '000000']
09/11/2020 - 22:12:30.197 : INFO : CUBrailler : Processing character: 000001
09/11/2020 - 22:12:30.197 : INFO : Feeder : Simulating Get Paper Width Operation, return value of 30...
09/11/2020 - 22:12:30.205 : INFO : ToolSelector : Simulating Selecting blank tool...
09/11/2020 - 22:12:30.206 : INFO : Input : Input from FILE is: ['000001', '010111', '010101', '011010', '000000', '000001', '000010', '110010', '000000', '010100', '011100', '000000', '000010', '011100', '000000', '110100', '101001', '101110', '101110', '101111', '000000', '111100', '101001', '101110', '100100', '011110', '101001', '100000', '000011', '101110', '011010', '000000', '000001', '000010', '100011', '011001', '000000', '000001', '100011', '100000', '011110', '011001', '000000', '000001', '110010', '010101', '011001', '000000', '000000']
09/11/2020 - 22:12:30.212 : INFO : Input : Input from FILE is: ['000001', '100111', '000000', '111101', '000000', '011110', '010000', '000000', '111000', '010100', '001100', '110001', '000000', '000010', '110001', '100100', '111000', '101010', '011100', '100010', '111000', '101111', '000010', '001110', '000000', '011110', '101010', '000000', '011101', '000000', '100100', '111000', '010100', '100100', '101000', '000000', '100100', '111000', '100000', '100100', '101000', '000000']
09/11/2020 - 22:12:30.216 : INFO : Input : Input Finished while reading
09/11/2020 - 22:12:30.217 : INFO : Input : Input from FILE is: ['END OF INPUT']
09/11/2020 - 22:12:30.706 : INFO : Embosser : Simulating Embosser Activation...
09/11/2020 - 22:12:30.807 : INFO : HeadTraverser : Simulating Head Traversal of Column in Positive Dir, count:1...
09/11/2020 - 22:12:30.808 : INFO : ToolSelector : Simulating Tool selection to tool 4...
09/11/2020 - 22:12:31.310 : INFO : Embosser : Simulating Embosser Activation...
09/11/2020 - 22:12:31.410 : INFO : CUBrailler : Processing character: 100111
09/11/2020 - 22:12:31.411 : INFO : Feeder : Simulating Get Paper Width Operation, return value of 30...
09/11/2020 - 22:12:31.412 : INFO : ToolSelector : Simulating Tool selection to tool 1...
09/11/2020 - 22:12:31.412 : INFO : HeadTraverser : Simulating Head Traversal of Character in Positive Dir, count:1...
09/11/2020 - 22:12:31.913 : INFO : Embosser : Simulating Embosser Activation...
09/11/2020 - 22:12:32.014 : INFO : ToolSelector : Simulating Tool selection to tool 7...
09/11/2020 - 22:12:32.015 : INFO : HeadTraverser : Simulating Head Traversal of Column in Positive Dir, count:1...
09/11/2020 - 22:12:32.516 : INFO : Embosser : Simulating Embosser Activation...
09/11/2020 - 22:12:32.617 : INFO : CUBrailler : Processing character: 000000
09/11/2020 - 22:12:32.617 : INFO : Feeder : Simulating Get Paper Width Operation, return value of 30...
09/11/2020 - 22:12:32.618 : INFO : CUBrailler : Processing character: 010100
09/11/2020 - 22:12:32.618 : INFO : HeadTraverser : Simulating Head Traversal of Character in Positive Dir, count:1...
09/11/2020 - 22:12:32.618 : INFO : Feeder : Simulating Get Paper Width Operation, return value of 30...
09/11/2020 - 22:12:32.620 : INFO : ToolSelector : Simulating Tool selection to tool 2...
09/11/2020 - 22:12:33.120 : INFO : HeadTraverser : Simulating Head Traversal of Character in Positive Dir, count:1...
09/11/2020 - 22:12:33.621 : INFO : Embosser : Simulating Embosser Activation...
09/11/2020 - 22:12:33.722 : INFO : HeadTraverser : Simulating Head Traversal of Column in Positive Dir, count:1...
09/11/2020 - 22:12:33.723 : INFO : ToolSelector : Simulating Tool selection to tool 1...
09/11/2020 - 22:12:34.224 : INFO : Embosser : Simulating Embosser Activation...
09/11/2020 - 22:12:34.325 : INFO : CUBrailler : Processing character: 011100
09/11/2020 - 22:12:34.325 : INFO : Feeder : Simulating Get Paper Width Operation, return value of 30...
09/11/2020 - 22:12:34.326 : INFO : HeadTraverser : Simulating Head Traversal of Character in Positive Dir, count:1...
09/11/2020 - 22:12:34.326 : INFO : ToolSelector : Simulating Tool selection to tool 6...
09/11/2020 - 22:12:34.827 : INFO : Embosser : Simulating Embosser Activation...
09/11/2020 - 22:12:34.933 : INFO : ToolSelector : Simulating Tool selection to tool 1...
09/11/2020 - 22:12:34.933 : INFO : HeadTraverser : Simulating Head Traversal of Column in Positive Dir, count:1...
09/11/2020 - 22:12:35.434 : INFO : Embosser : Simulating Embosser Activation...
09/11/2020 - 22:12:35.535 : INFO : CUBrailler : Processing character: 000000
09/11/2020 - 22:12:35.535 : INFO : Feeder : Simulating Get Paper Width Operation, return value of 30...
09/11/2020 - 22:12:35.536 : INFO : CUBrailler : Processing character: 000010
09/11/2020 - 22:12:35.536 : INFO : Feeder : Simulating Get Paper Width Operation, return value of 30...
09/11/2020 - 22:12:35.537 : INFO : ToolSelector : Simulating Selecting blank tool...
09/11/2020 - 22:12:35.537 : INFO : HeadTraverser : Simulating Head Traversal of Character in Positive Dir, count:1...
09/11/2020 - 22:12:36.038 : INFO : HeadTraverser : Simulating Head Traversal of Character in Positive Dir, count:1...
09/11/2020 - 22:12:36.539 : INFO : Embosser : Simulating Embosser Activation...
09/11/2020 - 22:12:36.640 : INFO : ToolSelector : Simulating Tool selection to tool 2...
09/11/2020 - 22:12:36.641 : INFO : HeadTraverser : Simulating Head Traversal of Column in Positive Dir, count:1...
09/11/2020 - 22:12:36.913 : WARNING : CUBrailler : Shutting Down due to Keyboard Interrupt
09/11/2020 - 22:12:36.914 : INFO : CUBrailler : Shutting Down CUB System
09/11/2020 - 22:12:36.914 : INFO : CUBrailler : Shutting down component: Embosser
09/11/2020 - 22:12:36.915 : INFO : CUBrailler : Shutting down component: Traverser
09/11/2020 - 22:12:36.915 : INFO : CUBrailler : Shutting down component: Selector
09/11/2020 - 22:12:36.915 : INFO : CUBrailler : Shutting down component: Feeder
09/11/2020 - 22:12:36.916 : INFO : CUBrailler : Shutting down component: Input
09/11/2020 - 22:12:37.142 : INFO : CUBrailler : Successfully Joined Thread: Traverser
09/11/2020 - 22:12:37.142 : INFO : CUBrailler : Successfully Joined Thread: Selector
09/11/2020 - 22:12:37.143 : INFO : CUBrailler : Successfully Joined Thread: Feeder
09/11/2020 - 22:12:37.143 : INFO : CUBrailler : Successfully Joined Thread: Input
09/11/2020 - 22:12:37.143 : INFO : CUBrailler : Shut down complete
09/11/2020 - 22:13:09.249 : INFO : CUBrailler : Constructing Components...
09/11/2020 - 22:13:09.250 : INFO : Embosser : Setting Embosser with Enable on GPIO Pin: 19
09/11/2020 - 22:13:09.252 : INFO : PhotoSensor : Setting up Photo Sensor INPUT on GPIO Pin: 7
09/11/2020 - 22:13:09.253 : INFO : HeadTraverser : Setting up Traverser with STEP Pin: 20
09/11/2020 - 22:13:09.255 : INFO : PhotoSensor : Setting up Photo Sensor INPUT on GPIO Pin: 4
09/11/2020 - 22:13:09.316 : INFO : ToolSelector : Setting up Selector component
09/11/2020 - 22:13:09.319 : INFO : PhotoSensor : Setting up Photo Sensor INPUT on GPIO Pin: 17
09/11/2020 - 22:13:09.320 : INFO : Feeder : Setting up Feeder as Simulated Component.
09/11/2020 - 22:13:09.322 : INFO : Feeder : Setting up Line Feed Stepper with STEP Pin: 18
09/11/2020 - 22:13:09.323 : INFO : Feeder : Setting up Paper Feed Motor with ENA Pin: 12
09/11/2020 - 22:13:09.324 : INFO : PhotoSensor : Setting up Photo Sensor INPUT on GPIO Pin: 22
09/11/2020 - 22:13:09.325 : INFO : Feeder : Setting up Paper Input Sensor on Pin: 22
09/11/2020 - 22:13:09.325 : INFO : PhotoSensor : Setting up Photo Sensor INPUT on GPIO Pin: 17
09/11/2020 - 22:13:09.326 : INFO : Feeder : Setting up Paper Output Sensor on Pin: 17
09/11/2020 - 22:13:09.327 : INFO : PhotoSensor : Setting up Photo Sensor INPUT on GPIO Pin: 14
09/11/2020 - 22:13:09.327 : INFO : Feeder : Setting up A4 Paper Size Sensor on Pin: 14
09/11/2020 - 22:13:09.328 : INFO : PhotoSensor : Setting up Photo Sensor INPUT on GPIO Pin: 15
09/11/2020 - 22:13:09.328 : INFO : Feeder : Setting up Braille Paper Size Sensor on Pin: 15
09/11/2020 - 22:13:09.329 : INFO : Input : Setting up Input in mode: FILE
09/11/2020 - 22:13:09.330 : INFO : CUBrailler : Starting Traverser thread...
09/11/2020 - 22:13:09.331 : INFO : HeadTraverser : Performing Traverser Startup
09/11/2020 - 22:13:09.331 : INFO : CUBrailler : Starting Selector thread...
09/11/2020 - 22:13:09.333 : INFO : PhotoSensor : Sensor on GPIO pin #4 current value of 1, returning True 
09/11/2020 - 22:13:09.333 : INFO : ToolSelector : Performing Selector Startup
09/11/2020 - 22:13:09.334 : INFO : HeadTraverser : Tool Already Home. Steps taken = 0
09/11/2020 - 22:13:09.334 : INFO : CUBrailler : Starting Feeder thread...
09/11/2020 - 22:13:09.335 : INFO : PhotoSensor : Sensor on GPIO pin #17 current value of 1, returning False 
09/11/2020 - 22:13:09.336 : INFO : Feeder : Simulating Feeder Startup
09/11/2020 - 22:13:09.337 : INFO : CUBrailler : Starting Input thread...
09/11/2020 - 22:13:09.339 : INFO : Input : Initialising input method
09/11/2020 - 22:13:09.340 : INFO : Embosser : Completing startup of Embosser...
09/11/2020 - 22:13:09.341 : INFO : PhotoSensor : Sensor on GPIO pin #7 current value of 1, returning True 
09/11/2020 - 22:13:09.342 : INFO : Embosser : Embosser Activation at t+-0.08893084526062012 seconds for a length of 0.1 seconds
09/11/2020 - 22:13:09.343 : INFO : DCOutputDevice : Activating Output for 0.1 seconds, in direction: 1 on ENA Pin: 19
09/11/2020 - 22:13:09.344 : INFO : Input : CUBInput opened file with name testinput.txt
09/11/2020 - 22:13:09.646 : ERROR : CUBrailler : Error while Initialising Embosser - Initialisation Failed. ACK message: Embosser did not leave Home Position
09/11/2020 - 22:13:09.647 : INFO : CUBrailler : Shutting Down CUB System
09/11/2020 - 22:13:09.647 : INFO : CUBrailler : Shutting down component: Embosser
09/11/2020 - 22:13:09.648 : INFO : CUBrailler : Shutting down component: Traverser
09/11/2020 - 22:13:09.649 : INFO : CUBrailler : Shutting down component: Selector
09/11/2020 - 22:13:09.650 : INFO : CUBrailler : Shutting down component: Feeder
09/11/2020 - 22:13:09.650 : INFO : CUBrailler : Shutting down component: Input
09/11/2020 - 22:13:10.569 : INFO : PhotoSensor : Sensor on GPIO pin #17 current value of 1, returning False 
09/11/2020 - 22:13:11.070 : INFO : PhotoSensor : Sensor on GPIO pin #4 current value of 1, returning True 
09/11/2020 - 22:13:11.071 : INFO : PhotoSensor : Cleared rising callback on pin 4
09/11/2020 - 22:13:11.071 : INFO : PhotoSensor : Sensor on GPIO pin #4 current value of 1, returning True 
09/11/2020 - 22:13:11.073 : WARNING : StepperMotor : Stepper Motor Emergency Stop Flag Set to True
09/11/2020 - 22:13:11.073 : INFO : CUBrailler : Successfully Joined Thread: Traverser
09/11/2020 - 22:13:11.085 : INFO : PhotoSensor : Sensor on GPIO pin #17 current value of 1, returning False 
09/11/2020 - 22:13:11.085 : ERROR : ToolSelector : Tool could not be returned home
09/11/2020 - 22:13:11.086 : WARNING : StepperMotor : Stepper Motor Emergency Stop Flag Set to True
09/11/2020 - 22:13:11.087 : INFO : CUBrailler : Successfully Joined Thread: Selector
09/11/2020 - 22:13:11.087 : INFO : CUBrailler : Successfully Joined Thread: Feeder
09/11/2020 - 22:13:11.088 : INFO : CUBrailler : Successfully Joined Thread: Input
09/11/2020 - 22:13:11.088 : INFO : CUBrailler : Shut down complete
